0 info it worked if it ends with ok
1 verbose cli [ '/Users/Cory/.nvm/versions/node/v5.0.0/bin/node',
1 verbose cli   '/Users/Cory/.nvm/versions/node/v5.0.0/bin/npm',
1 verbose cli   'start' ]
2 info using npm@3.3.6
3 info using node@v5.0.0
4 verbose run-script [ 'prestart', 'start', 'poststart' ]
5 info lifecycle Showdown-Sports@0.0.0~prestart: Showdown-Sports@0.0.0
6 verbose lifecycle Showdown-Sports@0.0.0~prestart: unsafe-perm in lifecycle true
7 verbose lifecycle Showdown-Sports@0.0.0~prestart: PATH: /Users/Cory/.nvm/versions/node/v5.0.0/lib/node_modules/npm/bin/node-gyp-bin:/Users/Cory/Documents/full_sail/Final-Project/node_modules/.bin:/Users/Cory/.nvm/versions/node/v5.0.0/bin:/Users/Cory/.rbenv/shims:/usr/local/bin:/usr/bin:/bin:/usr/sbin:/sbin:/usr/local/git/bin
8 verbose lifecycle Showdown-Sports@0.0.0~prestart: CWD: /Users/Cory/Documents/full_sail/Final-Project
9 silly lifecycle Showdown-Sports@0.0.0~prestart: Args: [ '-c', 'gulp build' ]
10 silly lifecycle Showdown-Sports@0.0.0~prestart: Returned: code: 1  signal: null
11 info lifecycle Showdown-Sports@0.0.0~prestart: Failed to exec prestart script
12 verbose stack Error: Showdown-Sports@0.0.0 prestart: `gulp build`
12 verbose stack Exit status 1
12 verbose stack     at EventEmitter.<anonymous> (/Users/Cory/.nvm/versions/node/v5.0.0/lib/node_modules/npm/lib/utils/lifecycle.js:233:16)
12 verbose stack     at emitTwo (events.js:87:13)
12 verbose stack     at EventEmitter.emit (events.js:172:7)
12 verbose stack     at ChildProcess.<anonymous> (/Users/Cory/.nvm/versions/node/v5.0.0/lib/node_modules/npm/lib/utils/spawn.js:24:14)
12 verbose stack     at emitTwo (events.js:87:13)
12 verbose stack     at ChildProcess.emit (events.js:172:7)
12 verbose stack     at maybeClose (internal/child_process.js:818:16)
12 verbose stack     at Process.ChildProcess._handle.onexit (internal/child_process.js:211:5)
13 verbose pkgid Showdown-Sports@0.0.0
14 verbose cwd /Users/Cory/Documents/full_sail/Final-Project
15 error Darwin 14.5.0
16 error argv "/Users/Cory/.nvm/versions/node/v5.0.0/bin/node" "/Users/Cory/.nvm/versions/node/v5.0.0/bin/npm" "start"
17 error node v5.0.0
18 error npm  v3.3.6
19 error code ELIFECYCLE
20 error Showdown-Sports@0.0.0 prestart: `gulp build`
20 error Exit status 1
21 error Failed at the Showdown-Sports@0.0.0 prestart script 'gulp build'.
21 error This is most likely a problem with the Showdown-Sports package,
21 error not with npm itself.
21 error Tell the author that this fails on your system:
21 error     gulp build
21 error You can get their info via:
21 error     npm owner ls Showdown-Sports
21 error There is likely additional logging output above.
22 verbose exit [ 1, true ]
